c:\users\afeka\desktop\id_317530905\finalproject\x64\debug\vc140.pdb
c:\users\afeka\desktop\id_317530905\finalproject\x64\debug\vc140.idb
c:\users\afeka\desktop\id_317530905\finalproject\x64\debug\serial.obj
c:\users\afeka\desktop\id_317530905\finalproject\x64\debug\source.obj
c:\users\afeka\desktop\id_317530905\finalproject\x64\debug\files.obj
c:\users\afeka\desktop\id_317530905\x64\debug\finalproject.ilk
c:\users\afeka\desktop\id_317530905\x64\debug\finalproject.exe
c:\users\afeka\desktop\id_317530905\x64\debug\finalproject.pdb
c:\users\afeka\desktop\id_317530905\finalproject\x64\debug\kernel.cu.cache
c:\users\afeka\desktop\id_317530905\finalproject\x64\debug\kernel.cu.obj
c:\users\afeka\desktop\id_317530905\finalproject\x64\debug\finalproject.tlog\cl.command.1.tlog
c:\users\afeka\desktop\id_317530905\finalproject\x64\debug\finalproject.tlog\cl.read.1.tlog
c:\users\afeka\desktop\id_317530905\finalproject\x64\debug\finalproject.tlog\cl.write.1.tlog
c:\users\afeka\desktop\id_317530905\finalproject\x64\debug\finalproject.tlog\link-cvtres.read.1.tlog
c:\users\afeka\desktop\id_317530905\finalproject\x64\debug\finalproject.tlog\link-cvtres.write.1.tlog
c:\users\afeka\desktop\id_317530905\finalproject\x64\debug\finalproject.tlog\link-rc.read.1.tlog
c:\users\afeka\desktop\id_317530905\finalproject\x64\debug\finalproject.tlog\link-rc.write.1.tlog
c:\users\afeka\desktop\id_317530905\finalproject\x64\debug\finalproject.tlog\link.10540-cvtres.read.1.tlog
c:\users\afeka\desktop\id_317530905\finalproject\x64\debug\finalproject.tlog\link.10540-cvtres.write.1.tlog
c:\users\afeka\desktop\id_317530905\finalproject\x64\debug\finalproject.tlog\link.10540-rc.read.1.tlog
c:\users\afeka\desktop\id_317530905\finalproject\x64\debug\finalproject.tlog\link.10540-rc.write.1.tlog
c:\users\afeka\desktop\id_317530905\finalproject\x64\debug\finalproject.tlog\link.10540.read.1.tlog
c:\users\afeka\desktop\id_317530905\finalproject\x64\debug\finalproject.tlog\link.10540.write.1.tlog
c:\users\afeka\desktop\id_317530905\finalproject\x64\debug\finalproject.tlog\link.command.1.tlog
c:\users\afeka\desktop\id_317530905\finalproject\x64\debug\finalproject.tlog\link.read.1.tlog
c:\users\afeka\desktop\id_317530905\finalproject\x64\debug\finalproject.tlog\link.write.1.tlog
